2019-06-05 20:51:10 | debug weaving 'pc.set.SetTest'
2019-06-05 20:51:10 | warning at Type 'org.cooperari.inline_aspects.java_util_concurrent_atomic_AtomicLong' (no debug info available)::0 does not match because declaring type is java.lang.Object, if match desired use target(java.util.concurrent.atomic.AtomicLong) [Xlint:unmatchedSuperTypeInCall]
	see also: pc/set/SetTest.java:73::0
2019-06-05 20:51:10 | warning at Type 'org.cooperari.inline_aspects.java_util_concurrent_atomic_AtomicInteger' (no debug info available)::0 does not match because declaring type is java.lang.Object, if match desired use target(java.util.concurrent.atomic.AtomicInteger) [Xlint:unmatchedSuperTypeInCall]
	see also: pc/set/SetTest.java:73::0
2019-06-05 20:51:10 | warning at Type 'org.cooperari.inline_aspects.java_util_concurrent_atomic_AtomicBoolean' (no debug info available)::0 does not match because declaring type is java.lang.Object, if match desired use target(java.util.concurrent.atomic.AtomicBoolean) [Xlint:unmatchedSuperTypeInCall]
	see also: pc/set/SetTest.java:73::0
2019-06-05 20:51:10 | warning at Type 'org.cooperari.inline_aspects.java_util_concurrent_atomic_AtomicReferenceArray' (no debug info available)::0 does not match because declaring type is java.lang.Object, if match desired use target(java.util.concurrent.atomic.AtomicReferenceArray) [Xlint:unmatchedSuperTypeInCall]
	see also: pc/set/SetTest.java:73::0
2019-06-05 20:51:10 | warning at Type 'org.cooperari.inline_aspects.java_util_concurrent_atomic_AtomicMarkableReference' (no debug info available)::0 does not match because declaring type is java.lang.Object, if match desired use target(java.util.concurrent.atomic.AtomicMarkableReference) [Xlint:unmatchedSuperTypeInCall]
	see also: pc/set/SetTest.java:73::0
2019-06-05 20:51:10 | warning at Type 'org.cooperari.inline_aspects.sun_misc_Unsafe' (no debug info available)::0 does not match because declaring type is java.lang.Object, if match desired use target(sun.misc.Unsafe) [Xlint:unmatchedSuperTypeInCall]
	see also: pc/set/SetTest.java:73::0
2019-06-05 20:51:10 | warning at Type 'org.cooperari.inline_aspects.java_util_concurrent_atomic_AtomicIntegerArray' (no debug info available)::0 does not match because declaring type is java.lang.Object, if match desired use target(java.util.concurrent.atomic.AtomicIntegerArray) [Xlint:unmatchedSuperTypeInCall]
	see also: pc/set/SetTest.java:73::0
2019-06-05 20:51:10 | warning at Type 'org.cooperari.inline_aspects.java_util_concurrent_atomic_AtomicIntegerFieldUpdater' (no debug info available)::0 does not match because declaring type is java.lang.Object, if match desired use target(java.util.concurrent.atomic.AtomicIntegerFieldUpdater) [Xlint:unmatchedSuperTypeInCall]
	see also: pc/set/SetTest.java:73::0
2019-06-05 20:51:10 | warning at Type 'org.cooperari.inline_aspects.java_util_concurrent_atomic_AtomicReference' (no debug info available)::0 does not match because declaring type is java.lang.Object, if match desired use target(java.util.concurrent.atomic.AtomicReference) [Xlint:unmatchedSuperTypeInCall]
	see also: pc/set/SetTest.java:73::0
2019-06-05 20:51:10 | warning at Type 'org.cooperari.inline_aspects.java_util_concurrent_atomic_AtomicLongArray' (no debug info available)::0 does not match because declaring type is java.lang.Object, if match desired use target(java.util.concurrent.atomic.AtomicLongArray) [Xlint:unmatchedSuperTypeInCall]
	see also: pc/set/SetTest.java:73::0
2019-06-05 20:51:10 | warning at Type 'org.cooperari.inline_aspects.java_util_concurrent_atomic_AtomicStampedReference' (no debug info available)::0 does not match because declaring type is java.lang.Object, if match desired use target(java.util.concurrent.atomic.AtomicStampedReference) [Xlint:unmatchedSuperTypeInCall]
	see also: pc/set/SetTest.java:73::0
2019-06-05 20:51:10 | warning at Type 'org.cooperari.inline_aspects.java_util_concurrent_atomic_AtomicReferenceFieldUpdater' (no debug info available)::0 does not match because declaring type is java.lang.Object, if match desired use target(java.util.concurrent.atomic.AtomicReferenceFieldUpdater) [Xlint:unmatchedSuperTypeInCall]
	see also: pc/set/SetTest.java:73::0
2019-06-05 20:51:10 | warning at Type 'org.cooperari.inline_aspects.java_util_concurrent_atomic_AtomicLongFieldUpdater' (no debug info available)::0 does not match because declaring type is java.lang.Object, if match desired use target(java.util.concurrent.atomic.AtomicLongFieldUpdater) [Xlint:unmatchedSuperTypeInCall]
	see also: pc/set/SetTest.java:73::0
2019-06-05 20:51:10 | weaveinfo Join point 'field-set(java.lang.Object pc.set.SetTest.PRINT_LOCK)' in Type 'pc.set.SetTest' (SetTest.java:17) advised by before advice from 'org.cooperari.feature.data.YieldPoints' (YieldPoints.java)
2019-06-05 20:51:10 | weaveinfo Join point 'field-set(java.lang.Object pc.set.SetTest.PRINT_LOCK)' in Type 'pc.set.SetTest' (SetTest.java:17) advised by after advice from 'org.cooperari.feature.data.YieldPoints' (YieldPoints.java)
2019-06-05 20:51:10 | weaveinfo Join point 'field-set(java.util.concurrent.atomic.AtomicInteger pc.set.SetTest.errors)' in Type 'pc.set.SetTest' (SetTest.java:18) advised by before advice from 'org.cooperari.feature.data.YieldPoints' (YieldPoints.java)
2019-06-05 20:51:10 | weaveinfo Join point 'field-set(java.util.concurrent.atomic.AtomicInteger pc.set.SetTest.errors)' in Type 'pc.set.SetTest' (SetTest.java:18) advised by after advice from 'org.cooperari.feature.data.YieldPoints' (YieldPoints.java)
2019-06-05 20:51:10 | weaveinfo Join point 'field-set(java.util.concurrent.atomic.AtomicInteger pc.set.SetTest.expectedSetSize)' in Type 'pc.set.SetTest' (SetTest.java:19) advised by before advice from 'org.cooperari.feature.data.YieldPoints' (YieldPoints.java)
2019-06-05 20:51:10 | weaveinfo Join point 'field-set(java.util.concurrent.atomic.AtomicInteger pc.set.SetTest.expectedSetSize)' in Type 'pc.set.SetTest' (SetTest.java:19) advised by after advice from 'org.cooperari.feature.data.YieldPoints' (YieldPoints.java)
2019-06-05 20:51:10 | weaveinfo Join point 'field-set(int pc.set.SetTest.n)' in Type 'pc.set.SetTest' (SetTest.java:23) advised by before advice from 'org.cooperari.feature.data.YieldPoints' (YieldPoints.java)
2019-06-05 20:51:10 | weaveinfo Join point 'field-set(int pc.set.SetTest.n)' in Type 'pc.set.SetTest' (SetTest.java:23) advised by after advice from 'org.cooperari.feature.data.YieldPoints' (YieldPoints.java)
2019-06-05 20:51:10 | weaveinfo Join point 'field-set(pc.set.Set pc.set.SetTest.set)' in Type 'pc.set.SetTest' (SetTest.java:29) advised by before advice from 'org.cooperari.feature.data.YieldPoints' (YieldPoints.java)
2019-06-05 20:51:10 | weaveinfo Join point 'field-set(pc.set.Set pc.set.SetTest.set)' in Type 'pc.set.SetTest' (SetTest.java:29) advised by after advice from 'org.cooperari.feature.data.YieldPoints' (YieldPoints.java)
2019-06-05 20:51:10 | weaveinfo Join point 'field-get(int pc.set.SetTest.n)' in Type 'pc.set.SetTest' (SetTest.java:30) advised by before advice from 'org.cooperari.feature.data.YieldPoints' (YieldPoints.java)
2019-06-05 20:51:10 | weaveinfo Join point 'field-get(int pc.set.SetTest.n)' in Type 'pc.set.SetTest' (SetTest.java:30) advised by after advice from 'org.cooperari.feature.data.YieldPoints' (YieldPoints.java)
2019-06-05 20:51:10 | weaveinfo Join point 'field-set(java.util.concurrent.CyclicBarrier pc.set.SetTest.barrier)' in Type 'pc.set.SetTest' (SetTest.java:30) advised by before advice from 'org.cooperari.feature.data.YieldPoints' (YieldPoints.java)
2019-06-05 20:51:10 | weaveinfo Join point 'field-set(java.util.concurrent.CyclicBarrier pc.set.SetTest.barrier)' in Type 'pc.set.SetTest' (SetTest.java:30) advised by after advice from 'org.cooperari.feature.data.YieldPoints' (YieldPoints.java)
2019-06-05 20:51:10 | weaveinfo Join point 'field-get(int pc.set.SetTest.n)' in Type 'pc.set.SetTest' (SetTest.java:31) advised by before advice from 'org.cooperari.feature.data.YieldPoints' (YieldPoints.java)
2019-06-05 20:51:10 | weaveinfo Join point 'field-get(int pc.set.SetTest.n)' in Type 'pc.set.SetTest' (SetTest.java:31) advised by after advice from 'org.cooperari.feature.data.YieldPoints' (YieldPoints.java)
2019-06-05 20:51:10 | weaveinfo Join point 'method-call(void java.lang.Thread.start())' in Type 'pc.set.SetTest' (SetTest.java:33) advised by around advice from 'org.cooperari.feature.thread.YieldPoints' (YieldPoints.java)
2019-06-05 20:51:10 | weaveinfo Join point 'field-get(java.util.concurrent.CyclicBarrier pc.set.SetTest.barrier)' in Type 'pc.set.SetTest' (SetTest.java:35) advised by before advice from 'org.cooperari.feature.data.YieldPoints' (YieldPoints.java)
2019-06-05 20:51:10 | weaveinfo Join point 'field-get(java.util.concurrent.CyclicBarrier pc.set.SetTest.barrier)' in Type 'pc.set.SetTest' (SetTest.java:35) advised by after advice from 'org.cooperari.feature.data.YieldPoints' (YieldPoints.java)
2019-06-05 20:51:10 | weaveinfo Join point 'field-get(java.util.concurrent.CyclicBarrier pc.set.SetTest.barrier)' in Type 'pc.set.SetTest' (SetTest.java:36) advised by before advice from 'org.cooperari.feature.data.YieldPoints' (YieldPoints.java)
2019-06-05 20:51:10 | weaveinfo Join point 'field-get(java.util.concurrent.CyclicBarrier pc.set.SetTest.barrier)' in Type 'pc.set.SetTest' (SetTest.java:36) advised by after advice from 'org.cooperari.feature.data.YieldPoints' (YieldPoints.java)
2019-06-05 20:51:10 | weaveinfo Join point 'field-get(java.util.concurrent.CyclicBarrier pc.set.SetTest.barrier)' in Type 'pc.set.SetTest' (SetTest.java:37) advised by before advice from 'org.cooperari.feature.data.YieldPoints' (YieldPoints.java)
2019-06-05 20:51:10 | weaveinfo Join point 'field-get(java.util.concurrent.CyclicBarrier pc.set.SetTest.barrier)' in Type 'pc.set.SetTest' (SetTest.java:37) advised by after advice from 'org.cooperari.feature.data.YieldPoints' (YieldPoints.java)
2019-06-05 20:51:10 | weaveinfo Join point 'field-get(java.util.concurrent.atomic.AtomicInteger pc.set.SetTest.expectedSetSize)' in Type 'pc.set.SetTest' (SetTest.java:38) advised by before advice from 'org.cooperari.feature.data.YieldPoints' (YieldPoints.java)
2019-06-05 20:51:10 | weaveinfo Join point 'field-get(java.util.concurrent.atomic.AtomicInteger pc.set.SetTest.expectedSetSize)' in Type 'pc.set.SetTest' (SetTest.java:38) advised by after advice from 'org.cooperari.feature.data.YieldPoints' (YieldPoints.java)
2019-06-05 20:51:10 | weaveinfo Join point 'method-call(int java.util.concurrent.atomic.AtomicInteger.get())' in Type 'pc.set.SetTest' (SetTest.java:38) advised by before advice from 'org.cooperari.inline_aspects.java_util_concurrent_atomic_AtomicInteger' (ACustomYieldPoint.java)
2019-06-05 20:51:10 | weaveinfo Join point 'field-get(pc.set.Set pc.set.SetTest.set)' in Type 'pc.set.SetTest' (SetTest.java:38) advised by before advice from 'org.cooperari.feature.data.YieldPoints' (YieldPoints.java)
2019-06-05 20:51:10 | weaveinfo Join point 'field-get(pc.set.Set pc.set.SetTest.set)' in Type 'pc.set.SetTest' (SetTest.java:38) advised by after advice from 'org.cooperari.feature.data.YieldPoints' (YieldPoints.java)
2019-06-05 20:51:10 | weaveinfo Join point 'field-get(java.io.PrintStream java.lang.System.out)' in Type 'pc.set.SetTest' (SetTest.java:39) advised by before advice from 'org.cooperari.feature.data.YieldPoints' (YieldPoints.java)
2019-06-05 20:51:10 | weaveinfo Join point 'field-get(java.io.PrintStream java.lang.System.out)' in Type 'pc.set.SetTest' (SetTest.java:39) advised by after advice from 'org.cooperari.feature.data.YieldPoints' (YieldPoints.java)
2019-06-05 20:51:10 | weaveinfo Join point 'field-get(java.util.concurrent.atomic.AtomicInteger pc.set.SetTest.expectedSetSize)' in Type 'pc.set.SetTest' (SetTest.java:39) advised by before advice from 'org.cooperari.feature.data.YieldPoints' (YieldPoints.java)
2019-06-05 20:51:10 | weaveinfo Join point 'field-get(java.util.concurrent.atomic.AtomicInteger pc.set.SetTest.expectedSetSize)' in Type 'pc.set.SetTest' (SetTest.java:39) advised by after advice from 'org.cooperari.feature.data.YieldPoints' (YieldPoints.java)
2019-06-05 20:51:10 | weaveinfo Join point 'method-call(int java.util.concurrent.atomic.AtomicInteger.get())' in Type 'pc.set.SetTest' (SetTest.java:39) advised by before advice from 'org.cooperari.inline_aspects.java_util_concurrent_atomic_AtomicInteger' (ACustomYieldPoint.java)
2019-06-05 20:51:10 | weaveinfo Join point 'field-get(pc.set.Set pc.set.SetTest.set)' in Type 'pc.set.SetTest' (SetTest.java:39) advised by before advice from 'org.cooperari.feature.data.YieldPoints' (YieldPoints.java)
2019-06-05 20:51:10 | weaveinfo Join point 'field-get(pc.set.Set pc.set.SetTest.set)' in Type 'pc.set.SetTest' (SetTest.java:39) advised by after advice from 'org.cooperari.feature.data.YieldPoints' (YieldPoints.java)
2019-06-05 20:51:10 | weaveinfo Join point 'field-get(java.util.concurrent.atomic.AtomicInteger pc.set.SetTest.errors)' in Type 'pc.set.SetTest' (SetTest.java:40) advised by before advice from 'org.cooperari.feature.data.YieldPoints' (YieldPoints.java)
2019-06-05 20:51:10 | weaveinfo Join point 'field-get(java.util.concurrent.atomic.AtomicInteger pc.set.SetTest.errors)' in Type 'pc.set.SetTest' (SetTest.java:40) advised by after advice from 'org.cooperari.feature.data.YieldPoints' (YieldPoints.java)
2019-06-05 20:51:10 | weaveinfo Join point 'method-call(int java.util.concurrent.atomic.AtomicInteger.incrementAndGet())' in Type 'pc.set.SetTest' (SetTest.java:40) advised by before advice from 'org.cooperari.inline_aspects.java_util_concurrent_atomic_AtomicInteger' (ACustomYieldPoint.java)
2019-06-05 20:51:10 | weaveinfo Join point 'field-get(java.util.concurrent.atomic.AtomicInteger pc.set.SetTest.errors)' in Type 'pc.set.SetTest' (SetTest.java:42) advised by before advice from 'org.cooperari.feature.data.YieldPoints' (YieldPoints.java)
2019-06-05 20:51:10 | weaveinfo Join point 'field-get(java.util.concurrent.atomic.AtomicInteger pc.set.SetTest.errors)' in Type 'pc.set.SetTest' (SetTest.java:42) advised by after advice from 'org.cooperari.feature.data.YieldPoints' (YieldPoints.java)
2019-06-05 20:51:10 | weaveinfo Join point 'method-call(int java.util.concurrent.atomic.AtomicInteger.get())' in Type 'pc.set.SetTest' (SetTest.java:42) advised by before advice from 'org.cooperari.inline_aspects.java_util_concurrent_atomic_AtomicInteger' (ACustomYieldPoint.java)
2019-06-05 20:51:10 | weaveinfo Join point 'field-get(java.io.PrintStream java.lang.System.out)' in Type 'pc.set.SetTest' (SetTest.java:43) advised by before advice from 'org.cooperari.feature.data.YieldPoints' (YieldPoints.java)
2019-06-05 20:51:10 | weaveinfo Join point 'field-get(java.io.PrintStream java.lang.System.out)' in Type 'pc.set.SetTest' (SetTest.java:43) advised by after advice from 'org.cooperari.feature.data.YieldPoints' (YieldPoints.java)
2019-06-05 20:51:10 | weaveinfo Join point 'field-get(java.io.PrintStream java.lang.System.out)' in Type 'pc.set.SetTest' (SetTest.java:45) advised by before advice from 'org.cooperari.feature.data.YieldPoints' (YieldPoints.java)
2019-06-05 20:51:10 | weaveinfo Join point 'field-get(java.io.PrintStream java.lang.System.out)' in Type 'pc.set.SetTest' (SetTest.java:45) advised by after advice from 'org.cooperari.feature.data.YieldPoints' (YieldPoints.java)
2019-06-05 20:51:10 | weaveinfo Join point 'field-get(java.util.concurrent.CyclicBarrier pc.set.SetTest.barrier)' in Type 'pc.set.SetTest' (SetTest.java:51) advised by before advice from 'org.cooperari.feature.data.YieldPoints' (YieldPoints.java)
2019-06-05 20:51:10 | weaveinfo Join point 'field-get(java.util.concurrent.CyclicBarrier pc.set.SetTest.barrier)' in Type 'pc.set.SetTest' (SetTest.java:51) advised by after advice from 'org.cooperari.feature.data.YieldPoints' (YieldPoints.java)
2019-06-05 20:51:10 | weaveinfo Join point 'field-get(int pc.set.SetTest.N)' in Type 'pc.set.SetTest' (SetTest.java:53) advised by before advice from 'org.cooperari.feature.data.YieldPoints' (YieldPoints.java)
2019-06-05 20:51:10 | weaveinfo Join point 'field-get(int pc.set.SetTest.N)' in Type 'pc.set.SetTest' (SetTest.java:53) advised by after advice from 'org.cooperari.feature.data.YieldPoints' (YieldPoints.java)
2019-06-05 20:51:10 | weaveinfo Join point 'field-get(int pc.set.SetTest.N)' in Type 'pc.set.SetTest' (SetTest.java:54) advised by before advice from 'org.cooperari.feature.data.YieldPoints' (YieldPoints.java)
2019-06-05 20:51:10 | weaveinfo Join point 'field-get(int pc.set.SetTest.N)' in Type 'pc.set.SetTest' (SetTest.java:54) advised by after advice from 'org.cooperari.feature.data.YieldPoints' (YieldPoints.java)
2019-06-05 20:51:10 | weaveinfo Join point 'field-get(int pc.set.SetTest.OPS)' in Type 'pc.set.SetTest' (SetTest.java:56) advised by before advice from 'org.cooperari.feature.data.YieldPoints' (YieldPoints.java)
2019-06-05 20:51:10 | weaveinfo Join point 'field-get(int pc.set.SetTest.OPS)' in Type 'pc.set.SetTest' (SetTest.java:56) advised by after advice from 'org.cooperari.feature.data.YieldPoints' (YieldPoints.java)
2019-06-05 20:51:10 | weaveinfo Join point 'field-get(pc.set.Set pc.set.SetTest.set)' in Type 'pc.set.SetTest' (SetTest.java:60) advised by before advice from 'org.cooperari.feature.data.YieldPoints' (YieldPoints.java)
2019-06-05 20:51:10 | weaveinfo Join point 'field-get(pc.set.Set pc.set.SetTest.set)' in Type 'pc.set.SetTest' (SetTest.java:60) advised by after advice from 'org.cooperari.feature.data.YieldPoints' (YieldPoints.java)
2019-06-05 20:51:10 | weaveinfo Join point 'field-get(pc.set.Set pc.set.SetTest.set)' in Type 'pc.set.SetTest' (SetTest.java:62) advised by before advice from 'org.cooperari.feature.data.YieldPoints' (YieldPoints.java)
2019-06-05 20:51:10 | weaveinfo Join point 'field-get(pc.set.Set pc.set.SetTest.set)' in Type 'pc.set.SetTest' (SetTest.java:62) advised by after advice from 'org.cooperari.feature.data.YieldPoints' (YieldPoints.java)
2019-06-05 20:51:10 | weaveinfo Join point 'field-get(pc.set.Set pc.set.SetTest.set)' in Type 'pc.set.SetTest' (SetTest.java:64) advised by before advice from 'org.cooperari.feature.data.YieldPoints' (YieldPoints.java)
2019-06-05 20:51:10 | weaveinfo Join point 'field-get(pc.set.Set pc.set.SetTest.set)' in Type 'pc.set.SetTest' (SetTest.java:64) advised by after advice from 'org.cooperari.feature.data.YieldPoints' (YieldPoints.java)
2019-06-05 20:51:10 | weaveinfo Join point 'field-get(java.util.concurrent.CyclicBarrier pc.set.SetTest.barrier)' in Type 'pc.set.SetTest' (SetTest.java:67) advised by before advice from 'org.cooperari.feature.data.YieldPoints' (YieldPoints.java)
2019-06-05 20:51:10 | weaveinfo Join point 'field-get(java.util.concurrent.CyclicBarrier pc.set.SetTest.barrier)' in Type 'pc.set.SetTest' (SetTest.java:67) advised by after advice from 'org.cooperari.feature.data.YieldPoints' (YieldPoints.java)
2019-06-05 20:51:10 | weaveinfo Join point 'field-get(java.util.concurrent.atomic.AtomicInteger pc.set.SetTest.expectedSetSize)' in Type 'pc.set.SetTest' (SetTest.java:68) advised by before advice from 'org.cooperari.feature.data.YieldPoints' (YieldPoints.java)
2019-06-05 20:51:10 | weaveinfo Join point 'field-get(java.util.concurrent.atomic.AtomicInteger pc.set.SetTest.expectedSetSize)' in Type 'pc.set.SetTest' (SetTest.java:68) advised by after advice from 'org.cooperari.feature.data.YieldPoints' (YieldPoints.java)
2019-06-05 20:51:10 | weaveinfo Join point 'method-call(int java.util.concurrent.atomic.AtomicInteger.getAndAdd(int))' in Type 'pc.set.SetTest' (SetTest.java:68) advised by before advice from 'org.cooperari.inline_aspects.java_util_concurrent_atomic_AtomicInteger' (ACustomYieldPoint.java)
2019-06-05 20:51:10 | weaveinfo Join point 'field-get(java.lang.Object pc.set.SetTest.PRINT_LOCK)' in Type 'pc.set.SetTest' (SetTest.java:69) advised by before advice from 'org.cooperari.feature.data.YieldPoints' (YieldPoints.java)
2019-06-05 20:51:10 | weaveinfo Join point 'field-get(java.lang.Object pc.set.SetTest.PRINT_LOCK)' in Type 'pc.set.SetTest' (SetTest.java:69) advised by after advice from 'org.cooperari.feature.data.YieldPoints' (YieldPoints.java)
2019-06-05 20:51:10 | weaveinfo Join point 'lock(void java.lang.Object.<lock>(java.lang.Object))' in Type 'pc.set.SetTest' (SetTest.java:69) advised by before advice from 'org.cooperari.feature.monitor.YieldPoints' (YieldPoints.java)
2019-06-05 20:51:10 | weaveinfo Join point 'field-get(pc.set.Set pc.set.SetTest.set)' in Type 'pc.set.SetTest' (SetTest.java:71) advised by before advice from 'org.cooperari.feature.data.YieldPoints' (YieldPoints.java)
2019-06-05 20:51:10 | weaveinfo Join point 'field-get(pc.set.Set pc.set.SetTest.set)' in Type 'pc.set.SetTest' (SetTest.java:71) advised by after advice from 'org.cooperari.feature.data.YieldPoints' (YieldPoints.java)
2019-06-05 20:51:10 | weaveinfo Join point 'field-get(java.io.PrintStream java.lang.System.out)' in Type 'pc.set.SetTest' (SetTest.java:72) advised by before advice from 'org.cooperari.feature.data.YieldPoints' (YieldPoints.java)
2019-06-05 20:51:10 | weaveinfo Join point 'field-get(java.io.PrintStream java.lang.System.out)' in Type 'pc.set.SetTest' (SetTest.java:72) advised by after advice from 'org.cooperari.feature.data.YieldPoints' (YieldPoints.java)
2019-06-05 20:51:10 | weaveinfo Join point 'field-get(java.io.PrintStream java.lang.System.out)' in Type 'pc.set.SetTest' (SetTest.java:73) advised by before advice from 'org.cooperari.feature.data.YieldPoints' (YieldPoints.java)
2019-06-05 20:51:10 | weaveinfo Join point 'field-get(java.io.PrintStream java.lang.System.out)' in Type 'pc.set.SetTest' (SetTest.java:73) advised by after advice from 'org.cooperari.feature.data.YieldPoints' (YieldPoints.java)
2019-06-05 20:51:10 | weaveinfo Join point 'field-get(java.util.concurrent.atomic.AtomicInteger pc.set.SetTest.errors)' in Type 'pc.set.SetTest' (SetTest.java:74) advised by before advice from 'org.cooperari.feature.data.YieldPoints' (YieldPoints.java)
2019-06-05 20:51:10 | weaveinfo Join point 'field-get(java.util.concurrent.atomic.AtomicInteger pc.set.SetTest.errors)' in Type 'pc.set.SetTest' (SetTest.java:74) advised by after advice from 'org.cooperari.feature.data.YieldPoints' (YieldPoints.java)
2019-06-05 20:51:10 | weaveinfo Join point 'method-call(int java.util.concurrent.atomic.AtomicInteger.incrementAndGet())' in Type 'pc.set.SetTest' (SetTest.java:74) advised by before advice from 'org.cooperari.inline_aspects.java_util_concurrent_atomic_AtomicInteger' (ACustomYieldPoint.java)
2019-06-05 20:51:10 | weaveinfo Join point 'unlock(void java.lang.Object.<unlock>(java.lang.Object))' in Type 'pc.set.SetTest' (SetTest.java:78) advised by before advice from 'org.cooperari.feature.monitor.YieldPoints' (YieldPoints.java)
2019-06-05 20:51:10 | weaveinfo Join point 'field-get(java.util.concurrent.CyclicBarrier pc.set.SetTest.barrier)' in Type 'pc.set.SetTest' (SetTest.java:79) advised by before advice from 'org.cooperari.feature.data.YieldPoints' (YieldPoints.java)
2019-06-05 20:51:10 | weaveinfo Join point 'field-get(java.util.concurrent.CyclicBarrier pc.set.SetTest.barrier)' in Type 'pc.set.SetTest' (SetTest.java:79) advised by after advice from 'org.cooperari.feature.data.YieldPoints' (YieldPoints.java)
2019-06-05 20:51:10 | weaveinfo Join point 'field-get(java.io.PrintStream java.lang.System.out)' in Type 'pc.set.SetTest' (SetTest.java:85) advised by before advice from 'org.cooperari.feature.data.YieldPoints' (YieldPoints.java)
2019-06-05 20:51:10 | weaveinfo Join point 'field-get(java.io.PrintStream java.lang.System.out)' in Type 'pc.set.SetTest' (SetTest.java:85) advised by after advice from 'org.cooperari.feature.data.YieldPoints' (YieldPoints.java)
2019-06-05 20:51:10 | weaveinfo Join point 'field-get(java.util.concurrent.CyclicBarrier pc.set.SetTest.barrier)' in Type 'pc.set.SetTest' (SetTest.java:86) advised by before advice from 'org.cooperari.feature.data.YieldPoints' (YieldPoints.java)
2019-06-05 20:51:10 | weaveinfo Join point 'field-get(java.util.concurrent.CyclicBarrier pc.set.SetTest.barrier)' in Type 'pc.set.SetTest' (SetTest.java:86) advised by after advice from 'org.cooperari.feature.data.YieldPoints' (YieldPoints.java)
2019-06-05 20:51:10 | debug generating class 'pc.set.SetTest$AjcClosure1'
2019-06-05 20:51:10 | debug cannot weave 'org.aspectj.lang.Signature'
2019-06-05 20:51:10 | debug weaving 'pc.set.Set'
2019-06-05 20:51:10 | debug cannot weave 'org.aspectj.runtime.reflect.Factory'
2019-06-05 20:51:10 | debug cannot weave 'org.aspectj.lang.reflect.SourceLocation'
2019-06-05 20:51:10 | debug cannot weave 'org.aspectj.lang.JoinPoint'
2019-06-05 20:51:10 | debug cannot weave 'org.aspectj.runtime.reflect.SignatureImpl'
2019-06-05 20:51:10 | debug cannot weave 'org.aspectj.runtime.reflect.UnlockSignatureImpl'
2019-06-05 20:51:10 | debug cannot weave 'org.aspectj.lang.reflect.UnlockSignature'
2019-06-05 20:51:10 | debug cannot weave 'org.aspectj.runtime.reflect.LockSignatureImpl'
2019-06-05 20:51:10 | debug cannot weave 'org.aspectj.lang.reflect.LockSignature'
2019-06-05 20:51:10 | debug cannot weave 'org.aspectj.runtime.reflect.MethodSignatureImpl'
2019-06-05 20:51:10 | debug cannot weave 'org.aspectj.lang.reflect.MethodSignature'
2019-06-05 20:51:10 | debug cannot weave 'org.aspectj.lang.reflect.CodeSignature'
2019-06-05 20:51:10 | debug cannot weave 'org.aspectj.lang.reflect.MemberSignature'
2019-06-05 20:51:10 | debug cannot weave 'org.aspectj.runtime.reflect.CodeSignatureImpl'
2019-06-05 20:51:10 | debug cannot weave 'org.aspectj.runtime.reflect.MemberSignatureImpl'
2019-06-05 20:51:10 | debug cannot weave 'org.aspectj.runtime.reflect.ConstructorSignatureImpl'
2019-06-05 20:51:10 | debug cannot weave 'org.aspectj.lang.reflect.ConstructorSignature'
2019-06-05 20:51:10 | debug cannot weave 'org.aspectj.lang.JoinPoint$StaticPart'
2019-06-05 20:51:10 | debug cannot weave 'org.aspectj.runtime.reflect.AdviceSignatureImpl'
2019-06-05 20:51:10 | debug cannot weave 'org.aspectj.lang.reflect.AdviceSignature'
2019-06-05 20:51:10 | debug cannot weave 'org.aspectj.runtime.reflect.FieldSignatureImpl'
2019-06-05 20:51:10 | debug cannot weave 'org.aspectj.lang.reflect.FieldSignature'
2019-06-05 20:51:10 | debug cannot weave 'org.aspectj.runtime.reflect.InitializerSignatureImpl'
2019-06-05 20:51:10 | debug cannot weave 'org.aspectj.lang.reflect.InitializerSignature'
2019-06-05 20:51:10 | debug cannot weave 'org.aspectj.runtime.reflect.CatchClauseSignatureImpl'
2019-06-05 20:51:10 | debug cannot weave 'org.aspectj.lang.reflect.CatchClauseSignature'
2019-06-05 20:51:10 | debug cannot weave 'org.aspectj.lang.JoinPoint$EnclosingStaticPart'
2019-06-05 20:51:10 | debug cannot weave 'org.aspectj.runtime.reflect.SignatureImpl$Cache'
2019-06-05 20:51:10 | debug cannot weave 'org.aspectj.runtime.reflect.JoinPointImpl$StaticPartImpl'
2019-06-05 20:51:10 | debug cannot weave 'org.aspectj.runtime.reflect.SourceLocationImpl'
2019-06-05 20:51:10 | debug not weaving 'org.cooperari.CSystem'
2019-06-05 20:51:10 | debug not weaving 'org.cooperari.errors.CNonCooperativeModeError'
2019-06-05 20:51:10 | debug not weaving 'org.junit.runner.JUnitCore'
2019-06-05 20:51:10 | debug not weaving 'org.junit.runner.Runner'
2019-06-05 20:51:10 | debug not weaving 'org.junit.runner.Describable'
2019-06-05 20:51:10 | debug not weaving 'org.junit.internal.runners.JUnit38ClassRunner'
2019-06-05 20:51:10 | debug not weaving 'org.junit.runner.manipulation.Filterable'
2019-06-05 20:51:10 | debug not weaving 'org.junit.runner.manipulation.Sortable'
2019-06-05 20:51:10 | debug not weaving 'org.junit.internal.JUnitSystem'
2019-06-05 20:51:10 | debug not weaving 'org.junit.internal.TextListener'
2019-06-05 20:51:10 | debug not weaving 'org.junit.runner.notification.RunNotifier'
2019-06-05 20:51:10 | debug not weaving 'org.junit.runner.notification.SynchronizedRunListener'
2019-06-05 20:51:10 | debug not weaving 'org.junit.runner.notification.StoppedByUserException'
2019-06-05 20:51:10 | debug not weaving 'org.junit.runner.notification.RunListener$ThreadSafe'
2019-06-05 20:51:10 | debug not weaving 'org.junit.runner.Computer'
2019-06-05 20:51:10 | debug not weaving 'org.junit.runners.model.RunnerBuilder'
2019-06-05 20:51:10 | debug not weaving 'org.junit.runner.Computer$1'
2019-06-05 20:51:10 | debug not weaving 'org.junit.runners.Suite'
2019-06-05 20:51:10 | debug not weaving 'org.junit.runners.ParentRunner'
2019-06-05 20:51:10 | debug not weaving 'org.junit.runner.Request'
2019-06-05 20:51:10 | debug not weaving 'org.junit.runners.model.InitializationError'
2019-06-05 20:51:10 | debug not weaving 'org.junit.internal.builders.AllDefaultPossibilitiesBuilder'
2019-06-05 20:51:10 | debug not weaving 'org.junit.internal.requests.FilterRequest'
2019-06-05 20:51:10 | debug not weaving 'org.junit.internal.runners.ErrorReportingRunner'
2019-06-05 20:51:10 | debug not weaving 'org.junit.internal.requests.SortingRequest'
2019-06-05 20:51:10 | debug not weaving 'org.junit.internal.requests.ClassRequest'
2019-06-05 20:51:10 | debug not weaving 'org.junit.runner.Request$1'
2019-06-05 20:51:10 | debug not weaving 'org.junit.internal.builders.SuiteMethodBuilder'
2019-06-05 20:51:10 | debug not weaving 'org.junit.internal.builders.NullBuilder'
2019-06-05 20:51:10 | debug not weaving 'org.junit.runner.manipulation.NoTestsRemainException'
2019-06-05 20:51:10 | debug not weaving 'org.junit.internal.AssumptionViolatedException'
2019-06-05 20:51:10 | debug not weaving 'org.hamcrest.SelfDescribing'
2019-06-05 20:51:10 | debug not weaving 'org.junit.runners.model.Statement'
2019-06-05 20:51:10 | debug not weaving 'org.junit.runners.model.RunnerScheduler'
2019-06-05 20:51:10 | debug not weaving 'org.junit.runners.ParentRunner$2'
2019-06-05 20:51:10 | debug not weaving 'org.junit.rules.RunRules'
2019-06-05 20:51:10 | debug not weaving 'org.junit.internal.runners.statements.RunAfters'
2019-06-05 20:51:10 | debug not weaving 'org.junit.internal.runners.statements.RunBefores'
2019-06-05 20:51:10 | debug not weaving 'org.junit.validator.TestClassValidator'
2019-06-05 20:51:10 | debug not weaving 'org.junit.validator.AnnotationsValidator'
2019-06-05 20:51:10 | debug not weaving 'org.junit.validator.AnnotationsValidator$AnnotatableValidator'
2019-06-05 20:51:10 | debug not weaving 'org.junit.validator.AnnotationsValidator$ClassValidator'
2019-06-05 20:51:10 | debug not weaving 'org.junit.validator.AnnotationValidatorFactory'
2019-06-05 20:51:10 | debug not weaving 'org.junit.validator.AnnotationsValidator$MethodValidator'
2019-06-05 20:51:10 | debug not weaving 'org.junit.validator.AnnotationsValidator$FieldValidator'
2019-06-05 20:51:10 | debug not weaving 'org.junit.validator.PublicClassValidator'
2019-06-05 20:51:10 | debug not weaving 'org.junit.internal.builders.IgnoredBuilder'
2019-06-05 20:51:10 | debug not weaving 'org.junit.internal.builders.IgnoredClassRunner'
2019-06-05 20:51:10 | debug not weaving 'org.junit.internal.builders.AnnotatedBuilder'
2019-06-05 20:51:10 | debug not weaving 'org.junit.internal.runners.SuiteMethod'
2019-06-05 20:51:10 | debug not weaving 'org.junit.internal.builders.JUnit3Builder'
2019-06-05 20:51:10 | debug not weaving 'org.junit.internal.builders.JUnit4Builder'
2019-06-05 20:51:10 | debug not weaving 'org.junit.runners.BlockJUnit4ClassRunner'
2019-06-05 20:51:10 | debug not weaving 'org.junit.Ignore'
2019-06-05 20:51:10 | debug not weaving 'org.junit.runner.RunWith'
2019-06-05 20:51:10 | debug not weaving 'junit.framework.TestCase'
2019-06-05 20:51:10 | debug not weaving 'junit.framework.Test'
2019-06-05 20:51:10 | debug not weaving 'junit.framework.Assert'
2019-06-05 20:51:10 | debug not weaving 'org.junit.internal.runners.statements.FailOnTimeout'
2019-06-05 20:51:10 | debug not weaving 'org.junit.internal.runners.statements.ExpectException'
2019-06-05 20:51:10 | debug not weaving 'org.junit.internal.runners.statements.InvokeMethod'
2019-06-05 20:51:10 | debug not weaving 'org.junit.internal.runners.statements.Fail'
2019-06-05 20:51:10 | debug not weaving 'org.junit.runners.ParentRunner$1'
2019-06-05 20:51:10 | debug not weaving 'org.junit.runners.model.TestClass'
2019-06-05 20:51:10 | debug not weaving 'org.junit.runners.model.Annotatable'
2019-06-05 20:51:10 | debug not weaving 'org.junit.runners.model.FrameworkMember'
2019-06-05 20:51:10 | debug not weaving 'org.junit.runners.model.FrameworkMethod'
2019-06-05 20:51:10 | debug not weaving 'org.junit.runners.model.FrameworkField'
2019-06-05 20:51:10 | debug not weaving 'org.junit.runners.model.TestClass$FieldComparator'
2019-06-05 20:51:10 | debug not weaving 'org.junit.runners.model.TestClass$MethodComparator'
2019-06-05 20:51:10 | debug not weaving 'org.junit.internal.MethodSorter'
2019-06-05 20:51:10 | debug not weaving 'org.junit.internal.MethodSorter$1'
2019-06-05 20:51:10 | debug not weaving 'org.junit.internal.MethodSorter$2'
2019-06-05 20:51:10 | debug not weaving 'org.junit.FixMethodOrder'
2019-06-05 20:51:10 | debug not weaving 'org.junit.BeforeClass'
2019-06-05 20:51:10 | debug not weaving 'org.junit.AfterClass'
2019-06-05 20:51:10 | debug not weaving 'org.junit.internal.runners.rules.RuleMemberValidator'
2019-06-05 20:51:10 | debug not weaving 'org.junit.internal.runners.rules.RuleMemberValidator$RuleValidator'
2019-06-05 20:51:10 | debug not weaving 'org.junit.internal.runners.rules.RuleMemberValidator$Builder'
2019-06-05 20:51:10 | debug not weaving 'org.junit.ClassRule'
2019-06-05 20:51:10 | debug not weaving 'org.junit.internal.runners.rules.RuleMemberValidator$DeclaringClassMustBePublic'
2019-06-05 20:51:10 | debug not weaving 'org.junit.internal.runners.rules.RuleMemberValidator$MemberMustBeStatic'
2019-06-05 20:51:10 | debug not weaving 'org.junit.internal.runners.rules.RuleMemberValidator$MemberMustBePublic'
2019-06-05 20:51:10 | debug not weaving 'org.junit.internal.runners.rules.RuleMemberValidator$FieldMustBeATestRule'
2019-06-05 20:51:10 | debug not weaving 'org.junit.Rule'
2019-06-05 20:51:10 | debug not weaving 'org.junit.internal.runners.rules.RuleMemberValidator$MemberMustBeNonStaticOrAlsoClassRule'
2019-06-05 20:51:10 | debug not weaving 'org.junit.internal.runners.rules.RuleMemberValidator$FieldMustBeARule'
2019-06-05 20:51:10 | debug not weaving 'org.junit.internal.runners.rules.RuleMemberValidator$MethodMustBeATestRule'
2019-06-05 20:51:10 | debug not weaving 'org.junit.internal.runners.rules.RuleMemberValidator$MethodMustBeARule'
2019-06-05 20:51:10 | debug not weaving 'org.junit.After'
2019-06-05 20:51:10 | debug not weaving 'org.junit.Before'
2019-06-05 20:51:10 | debug not weaving 'org.junit.Test'
2019-06-05 20:51:10 | debug not weaving 'org.junit.runner.Result'
2019-06-05 20:51:10 | debug not weaving 'org.junit.runner.Result$Listener'
2019-06-05 20:51:10 | debug not weaving 'org.junit.runner.Result$SerializedForm'
2019-06-05 20:51:10 | debug not weaving 'com.sun.proxy.$Proxy1'
2019-06-05 20:51:10 | debug not weaving 'org.junit.runner.Description'
2019-06-05 20:51:10 | debug not weaving 'org.junit.runner.notification.RunNotifier$1'
2019-06-05 20:51:10 | debug not weaving 'org.junit.runner.notification.RunNotifier$SafeNotifier'
2019-06-05 20:51:10 | debug not weaving 'org.junit.internal.runners.model.EachTestNotifier'
2019-06-05 20:51:10 | debug not weaving 'org.junit.rules.TestRule'
2019-06-05 20:51:10 | debug not weaving 'org.junit.runners.ParentRunner$3'
2019-06-05 20:51:10 | debug not weaving 'org.junit.runner.notification.RunNotifier$3'
2019-06-05 20:51:10 | debug not weaving 'org.junit.runner.notification.Failure'
2019-06-05 20:51:10 | debug not weaving 'org.junit.runner.notification.RunNotifier$4'
2019-06-05 20:51:10 | debug not weaving 'org.cooperari.junit.CTestResultPool'
2019-06-05 20:51:10 | debug not weaving 'org.junit.runner.notification.RunNotifier$7'
2019-06-05 20:51:10 | debug not weaving 'org.junit.runner.notification.RunNotifier$2'
2019-06-05 20:51:10 | debug not weaving 'org.cooperari.core.util.CReport'
2019-06-05 20:51:10 | debug not weaving 'org.cooperari.core.util.IO'
